<?xml version="1.0" encoding="UTF-8"?>
<testsuite xmlns:xsi="http://www.w3.org/2001/XMLSchema-instance" xsi:noNamespaceSchemaLocation="https://maven.apache.org/surefire/maven-surefire-plugin/xsd/surefire-test-report-3.0.xsd" version="3.0" name="com.formationkilo.dockerfile.DockerfileApplicationTests" time="25.041" tests="1" errors="0" skipped="0" failures="0">
  <properties>
[...]
</properties>
  <testcase name="contextLoads" classname="com.formationkilo.dockerfile.DockerfileApplicationTests" time="9.674">
    <system-out><![CDATA[05:31:28.535 [main] INFO org.springframework.test.context.support.AnnotationConfigContextLoaderUtils -- Could not detect default configuration classes for test class [com.formationkilo.dockerfile.DockerfileApplicationTests]: DockerfileApplicationTests does not declare any static, non-private, non-final, nested classes annotated with @Configuration.
05:31:29.512 [main] INFO org.springframework.boot.test.context.SpringBootTestContextBootstrapper -- Found @SpringBootConfiguration com.formationkilo.dockerfile.DockerfileApplication for test class com.formationkilo.dockerfile.DockerfileApplicationTests

  .   ____          _            __ _ _
 /\\ / ___'_ __ _ _(_)_ __  __ _ \ \ \ \
( ( )\___ | '_ | '_| | '_ \/ _` | \ \ \ \
 \\/  ___)| |_)| | | | | || (_| |  ) ) ) )
  '  |____| .__|_| |_|_| |_\__, | / / / /
 =========|_|==============|___/=/_/_/_/
 :: Spring Boot ::                (v3.2.4)

2024-03-31T05:31:32.659+02:00  INFO 5348 --- [dockerfile] [           main] c.f.d.DockerfileApplicationTests         : Starting DockerfileApplicationTests using Java 17.0.5 with PID 5348 (started by HP in B:\Master2-2023-2024\JavaEE\J2EE\dockerfile)
2024-03-31T05:31:32.664+02:00  INFO 5348 --- [dockerfile] [           main] c.f.d.DockerfileApplicationTests         : No active profile set, falling back to 1 default profile: "default"
2024-03-31T05:31:42.317+02:00  INFO 5348 --- [dockerfile] [           main] c.f.d.DockerfileApplicationTests         : Started DockerfileApplicationTests in 11.835 seconds (process running for 18.289)
]]></system-out>
  </testcase>
</testsuite>